c:\users\morgan\desktop\ict397 upload\backup\ict397gameproject\debug\vc140.pdb
c:\users\morgan\desktop\ict397 upload\backup\ict397gameproject\debug\vc140.idb
c:\users\morgan\desktop\ict397 upload\backup\ict397gameproject\debug\ict397gameproject.obj
c:\users\morgan\desktop\ict397 upload\backup\ict397gameproject\debug\ctoluabinder.obj
c:\users\morgan\desktop\ict397 upload\backup\ict397gameproject\debug\engine.obj
c:\users\morgan\desktop\ict397 upload\backup\ict397gameproject\debug\gameobject.obj
c:\users\morgan\desktop\ict397 upload\backup\ict397gameproject\debug\gameobjectfactory.obj
c:\users\morgan\desktop\ict397 upload\backup\ict397gameproject\debug\gameobjecthandler.obj
c:\users\morgan\desktop\ict397 upload\backup\ict397gameproject\debug\identifiers.obj
c:\users\morgan\desktop\ict397 upload\backup\ict397gameproject\debug\luascriptmanager.obj
c:\users\morgan\desktop\ict397 upload\backup\ict397gameproject\debug\message.obj
c:\users\morgan\desktop\ict397 upload\backup\ict397gameproject\debug\messagingbus.obj
c:\users\morgan\desktop\ict397 upload\backup\ict397gameproject\debug\npc.obj
c:\users\morgan\desktop\ict397 upload\backup\ict397gameproject\debug\resourcelist.obj
c:\users\morgan\desktop\ict397 upload\backup\ict397gameproject\debug\scene.obj
c:\users\morgan\desktop\ict397 upload\backup\ict397gameproject\debug\scenemanager.obj
c:\users\morgan\desktop\ict397 upload\backup\ict397gameproject\debug\assetmanager.obj
c:\users\morgan\desktop\ict397 upload\backup\ict397gameproject\debug\bmploader.obj
c:\users\morgan\desktop\ict397 upload\backup\ict397gameproject\debug\imagecreationhandler.obj
c:\users\morgan\desktop\ict397 upload\backup\ict397gameproject\debug\imageloaderfactory.obj
c:\users\morgan\desktop\ict397 upload\backup\ict397gameproject\debug\rendermodulestubb.obj
c:\users\morgan\desktop\ict397 upload\backup\ict397gameproject\debug\texturemanager.obj
c:\users\morgan\desktop\ict397 upload\backup\ict397gameproject\debug\tgaloader.obj
c:\users\morgan\desktop\ict397 upload\backup\ict397gameproject\debug\ict397gameproject.ilk
c:\users\morgan\desktop\ict397 upload\backup\ict397gameproject\debug\ict397gameproject.exe
c:\users\morgan\desktop\ict397 upload\backup\ict397gameproject\debug\ict397gameproject.pdb
c:\users\morgan\desktop\ict397 upload\backup\ict397gameproject\debug\bmploader.obj.enc
c:\users\morgan\desktop\ict397 upload\backup\ict397gameproject\debug\ict397ga.111e66ac.tlog\cl.command.1.tlog
c:\users\morgan\desktop\ict397 upload\backup\ict397gameproject\debug\ict397ga.111e66ac.tlog\cl.read.1.tlog
c:\users\morgan\desktop\ict397 upload\backup\ict397gameproject\debug\ict397ga.111e66ac.tlog\cl.write.1.tlog
c:\users\morgan\desktop\ict397 upload\backup\ict397gameproject\debug\ict397ga.111e66ac.tlog\link.command.1.tlog
c:\users\morgan\desktop\ict397 upload\backup\ict397gameproject\debug\ict397ga.111e66ac.tlog\link.read.1.tlog
c:\users\morgan\desktop\ict397 upload\backup\ict397gameproject\debug\ict397ga.111e66ac.tlog\link.write.1.tlog
