c:\users\32682702\desktop\clone\release\vc140.pdb
c:\users\32682702\desktop\clone\release\mat4.obj
c:\users\32682702\desktop\clone\release\luascriptmanager.obj
c:\users\32682702\desktop\clone\release\imageloaderfactory.obj
c:\users\32682702\desktop\clone\release\identifiers.obj
c:\users\32682702\desktop\clone\release\bmploader.obj
c:\users\32682702\desktop\clone\release\vec3.obj
c:\users\32682702\desktop\clone\release\vec2.obj
c:\users\32682702\desktop\clone\release\tgaloader.obj
c:\users\32682702\desktop\clone\release\simplestring.obj
c:\users\32682702\desktop\clone\release\resourcelist.obj
c:\users\32682702\desktop\clone\release\messagingbus.obj
c:\users\32682702\desktop\clone\release\message.obj
c:\users\32682702\desktop\clone\release\vec4.obj
c:\users\32682702\desktop\clone\release\menuobject.obj
c:\users\32682702\desktop\clone\release\controls.obj
c:\users\32682702\desktop\clone\release\importmodel.obj
c:\users\32682702\desktop\clone\release\imagecreationhandler.obj
c:\users\32682702\desktop\clone\release\gameobjecthandler.obj
c:\users\32682702\desktop\clone\release\gameobjectfactory.obj
c:\users\32682702\desktop\clone\release\gameobject.obj
c:\users\32682702\desktop\clone\release\engine.obj
c:\users\32682702\desktop\clone\release\ctoluabinder.obj
c:\users\32682702\desktop\clone\release\collisionengine.obj
c:\users\32682702\desktop\clone\release\camera.obj
c:\users\32682702\desktop\clone\release\bullet.obj
c:\users\32682702\desktop\clone\release\audioengine.obj
c:\users\32682702\desktop\clone\release\assetmanager.obj
c:\users\32682702\desktop\clone\release\ict397gameproject.obj
c:\users\32682702\desktop\clone\release\texturemanager.obj
c:\users\32682702\desktop\clone\release\texturedsquare.obj
c:\users\32682702\desktop\clone\release\terrainobject.obj
c:\users\32682702\desktop\clone\release\terrain.obj
c:\users\32682702\desktop\clone\release\staticentity.obj
c:\users\32682702\desktop\clone\release\scenemanager.obj
c:\users\32682702\desktop\clone\release\scene.obj
c:\users\32682702\desktop\clone\release\rendermodulestubb.obj
c:\users\32682702\desktop\clone\release\rawterrain.obj
c:\users\32682702\desktop\clone\release\player.obj
c:\users\32682702\desktop\clone\release\npc.obj
c:\users\32682702\desktop\clone\release\modelmanger.obj
c:\users\32682702\desktop\clone\release\modelfactory.obj
c:\users\32682702\desktop\clone\release\ict397gameproject.exe
c:\users\32682702\desktop\clone\release\ict397gameproject.ipdb
c:\users\32682702\desktop\clone\release\ict397gameproject.iobj
c:\users\32682702\desktop\clone\release\ict397gameproject.pdb
c:\users\32682702\desktop\clone\release\ict397ga.111e66ac.tlog\cl.command.1.tlog
c:\users\32682702\desktop\clone\release\ict397ga.111e66ac.tlog\cl.read.1.tlog
c:\users\32682702\desktop\clone\release\ict397ga.111e66ac.tlog\cl.write.1.tlog
c:\users\32682702\desktop\clone\release\ict397ga.111e66ac.tlog\link.command.1.tlog
c:\users\32682702\desktop\clone\release\ict397ga.111e66ac.tlog\link.read.1.tlog
c:\users\32682702\desktop\clone\release\ict397ga.111e66ac.tlog\link.write.1.tlog
